[03:30:56] [ServerMain/INFO]: [bootstrap] Running Java 21 (OpenJDK 64-Bit Server VM 21.0.5+11-Ubuntu-1ubuntu120.04; Ubuntu null) on Linux 6.5.0-1025-azure (amd64)
[03:30:56] [ServerMain/INFO]: [bootstrap] Loading Paper 1.21.3-63-master@4190ee7 (2024-11-25T18:59:19Z) for Minecraft 1.21.3
[03:30:56] [ServerMain/INFO]: [PluginInitializerManager] Initializing plugins...
[03:30:57] [ServerMain/INFO]: [PluginInitializerManager] Initialized 2 plugins
[03:30:57] [ServerMain/INFO]: [PluginInitializerManager] Bukkit plugins (2):
 - ChatColor2 (1.15.1), SkinsRestorer (15.4.4)
[03:31:02] [ServerMain/INFO]: Environment: Environment[sessionHost=https://sessionserver.mojang.com, servicesHost=https://api.minecraftservices.com, name=PROD]
[03:31:04] [ServerMain/INFO]: Loaded 1337 recipes
[03:31:04] [ServerMain/INFO]: Loaded 1448 advancements
[03:31:05] [Server thread/INFO]: Starting minecraft server version 1.21.3
[03:31:05] [Server thread/INFO]: Loading properties
[03:31:05] [Server thread/INFO]: This server is running Paper version 1.21.3-63-master@4190ee7 (2024-11-25T18:59:19Z) (Implementing API version 1.21.3-R0.1-SNAPSHOT)
[03:31:05] [Server thread/INFO]: [spark] This server bundles the spark profiler. For more information please visit https://docs.papermc.io/paper/profiling
[03:31:05] [Server thread/INFO]: Server Ping Player Sample Count: 12
[03:31:05] [Server thread/INFO]: Using 4 threads for Netty based IO
[03:31:06] [Server thread/INFO]: [MoonriseCommon] Paper is using 1 worker threads, 1 I/O threads
[03:31:06] [Server thread/INFO]: [ChunkTaskScheduler] Chunk system is using population gen parallelism: true
[03:31:07] [Server thread/INFO]: Default game type: SURVIVAL
[03:31:07] [Server thread/INFO]: Generating keypair
[03:31:07] [Server thread/INFO]: Starting Minecraft server on *:25565
[03:31:07] [Server thread/INFO]: Using epoll channel type
[03:31:07] [Server thread/INFO]: Paper: Using libdeflate (Linux x86_64) compression from Velocity.
[03:31:07] [Server thread/INFO]: Paper: Using OpenSSL 1.1.x (Linux x86_64) cipher from Velocity.
[03:31:07] [Server thread/INFO]: [ChatColor2] Loading server plugin ChatColor2 v1.15.1
[03:31:07] [Server thread/INFO]: [SkinsRestorer] Loading server plugin SkinsRestorer v15.4.4
[03:31:07] [Server thread/INFO]: Server permissions file permissions.yml is empty, ignoring it
[03:31:07] [Server thread/INFO]: [SkinsRestorer] Enabling SkinsRestorer v15.4.4
[03:31:08] [Server thread/WARN]: [SkinsRestorer] You must agree to the rules at 'commands.perSkinPermissionsConsent' in the config to use per skin permissions.
[03:31:08] [Server thread/INFO]: [SkinsRestorer] Running on Minecraft 1.21.3.
[03:31:09] [Server thread/INFO]: [SkinsRestorer] Using paper join listener!
[03:31:09] [Server thread/WARN]: **** SERVER IS RUNNING IN OFFLINE/INSECURE MODE!
[03:31:09] [Server thread/WARN]: The server will make no attempt to authenticate usernames. Beware.
[03:31:09] [Server thread/WARN]: While this makes the game possible to play without internet access, it also opens up the ability for hackers to connect with any username they choose.
[03:31:09] [Server thread/WARN]: To change this, set "online-mode" to "true" in the server.properties file.
[03:31:09] [Server thread/INFO]: Preparing level "world"
[03:31:09] [Folia Async Scheduler Thread #1/INFO]: [SkinsRestorer] ----------------------------------------------
[03:31:09] [Folia Async Scheduler Thread #1/INFO]: [SkinsRestorer]     +==================+
[03:31:09] [Folia Async Scheduler Thread #1/INFO]: [SkinsRestorer]     |   SkinsRestorer  |
[03:31:09] [Folia Async Scheduler Thread #1/INFO]: [SkinsRestorer]     |------------------|
[03:31:09] [Folia Async Scheduler Thread #1/INFO]: [SkinsRestorer]     |  Standalone Mode |
[03:31:09] [Folia Async Scheduler Thread #1/INFO]: [SkinsRestorer]     +==================+
[03:31:09] [Folia Async Scheduler Thread #1/INFO]: [SkinsRestorer] ----------------------------------------------
[03:31:09] [Folia Async Scheduler Thread #1/INFO]: [SkinsRestorer]     Version: 15.4.4
[03:31:09] [Folia Async Scheduler Thread #1/INFO]: [SkinsRestorer]     Commit: dc501c7
[03:31:09] [Folia Async Scheduler Thread #1/INFO]: [SkinsRestorer]     This is the latest version!
[03:31:09] [Folia Async Scheduler Thread #1/INFO]: [SkinsRestorer] ----------------------------------------------
[03:31:09] [Folia Async Scheduler Thread #1/INFO]: [SkinsRestorer] Do you have issues? Read our troubleshooting guide: https://skinsrestorer.net/docs/troubleshooting
[03:31:09] [Folia Async Scheduler Thread #1/INFO]: [SkinsRestorer] Want to support SkinsRestorer? Consider donating: https://skinsrestorer.net/donate
[03:31:10] [Server thread/INFO]: Preparing start region for dimension minecraft:overworld
[03:31:10] [Server thread/INFO]: Preparing spawn area: 0%
[03:31:10] [Server thread/INFO]: Preparing spawn area: 4%
[03:31:10] [Paper Common Worker #0/INFO]: [MCTypeRegistry] Initialising converters for DataConverter...
[03:31:11] [Paper Common Worker #0/INFO]: [MCTypeRegistry] Finished initialising converters for DataConverter in 397.8ms
[03:31:11] [Server thread/INFO]: Preparing spawn area: 4%
[03:31:11] [Server thread/INFO]: Preparing spawn area: 12%
[03:31:12] [Server thread/INFO]: Time elapsed: 1778 ms
[03:31:12] [Server thread/INFO]: Preparing start region for dimension minecraft:the_nether
[03:31:12] [Server thread/INFO]: Preparing spawn area: 0%
[03:31:12] [Server thread/INFO]: Time elapsed: 289 ms
[03:31:12] [Server thread/INFO]: Preparing start region for dimension minecraft:the_end
[03:31:12] [Server thread/INFO]: Preparing spawn area: 0%
[03:31:12] [Server thread/INFO]: Time elapsed: 153 ms
[03:31:12] [Server thread/INFO]: [ChatColor2] Enabling ChatColor2 v1.15.1
[03:31:12] [Server thread/INFO]: [ChatColor] ChatColor 2 Version 1.15.1 has been enabled.
[03:31:12] [Server thread/INFO]: [ChatColor] Current update: GUI rework & additional features! (+Bug fixes)
[03:31:12] [Server thread/INFO]: [ChatColor] PlaceholderAPI not found, placeholders will not be available.
[03:31:12] [Server thread/INFO]: [ChatColor] Metrics is enabled for this plugin. Stats sent to https://bstats.org/plugin/bukkit/ChatColor2
[03:31:12] [Server thread/INFO]: [spark] Starting background profiler...
[03:31:13] [Server thread/INFO]: Done preparing level "world" (3.428s)
[03:31:13] [Server thread/INFO]: Running delayed init tasks
[03:31:13] [Server thread/INFO]: Done (17.431s)! For help, type "help"
